<?xml version="1.0" encoding="UTF-8"?>
<!-- Generated by org.testng.reporters.JUnitReportReporter -->
<testsuite hostname="GAVLMUMDT-046" failures="0" tests="1" name="Agrovet.Samadhan.Grader.GradingRequestTest" time="33.128" errors="0" timestamp="2025-03-12T15:44:17 IST" skipped="0">
  <testcase classname="Agrovet.Samadhan.Grader.GradingRequestTest" name="verifyUserAbleToSendRequestedTransactionIdForGradingWithoutEnteringComment" time="33.128"/>
</testsuite> <!-- Agrovet.Samadhan.Grader.GradingRequestTest -->
