<?xml version="1.0" encoding="UTF-8"?>
<!-- Generated by org.testng.reporters.JUnitReportReporter -->
<testsuite hostname="GAVLMUMDT-046" failures="0" tests="4" name="Agrovet.Samadhan.Grader.HomeTest" time="108.640" errors="0" timestamp="2025-03-18T10:39:28 IST" skipped="0">
  <testcase classname="Agrovet.Samadhan.Grader.HomeTest" name="verifyUserAbleToCheckBadgeDetails" time="23.071"/>
  <testcase classname="Agrovet.Samadhan.Grader.HomeTest" name="verifyhomePageIsLoadedAfterLogin" time="19.182"/>
  <testcase classname="Agrovet.Samadhan.Grader.HomeTest" name="verifyHomeUi" time="21.174"/>
  <testcase classname="Agrovet.Samadhan.Grader.HomeTest" name="verifyUserAbleToSeeHomeScreenDetailsWithoutInternet" time="45.213"/>
</testsuite> <!-- Agrovet.Samadhan.Grader.HomeTest -->
