<?xml version="1.0" encoding="UTF-8"?>
<!-- Generated by org.testng.reporters.JUnitReportReporter -->
<testsuite hostname="GAVLMUMDT-046" failures="0" tests="2" name="Agrovet.Samadhan.Grader.ScheduleTest" time="51.400" errors="0" timestamp="2025-03-18T11:20:07 IST" skipped="0">
  <testcase classname="Agrovet.Samadhan.Grader.ScheduleTest" name="verifySchedularSectionDisplayTaskProperly" time="21.982"/>
  <testcase classname="Agrovet.Samadhan.Grader.ScheduleTest" name="verifyUserAbleToSeeDetailsEvenWithoutInternet" time="29.418"/>
</testsuite> <!-- Agrovet.Samadhan.Grader.ScheduleTest -->
