<?xml version="1.0" encoding="UTF-8"?>
<!-- Generated by org.testng.reporters.JUnitReportReporter -->
<testsuite hostname="GAVLMUMDT-046" failures="0" tests="1" name="Agrovet.Samadhan.Grader.AttendenceTest" time="11.853" errors="0" timestamp="2025-03-13T17:21:46 IST" skipped="0">
  <testcase classname="Agrovet.Samadhan.Grader.AttendenceTest" name="verifyUserAbleToCheckAbsence" time="11.853"/>
</testsuite> <!-- Agrovet.Samadhan.Grader.AttendenceTest -->
