<?xml version="1.0" encoding="UTF-8"?>
<!-- Generated by org.testng.reporters.JUnitReportReporter -->
<testsuite hostname="GAVLMUMDT-046" failures="0" tests="1" name="Agrovet.Samadhan.Grader.GradingRequestTest" time="39.548" errors="0" timestamp="2025-04-02T10:26:10 IST" skipped="0">
  <testcase classname="Agrovet.Samadhan.Grader.GradingRequestTest" name="verifyUserAbleToSendRequestedTransactionIdForGrading" time="39.548"/>
</testsuite> <!-- Agrovet.Samadhan.Grader.GradingRequestTest -->
