<?xml version="1.0" encoding="UTF-8"?>
<!-- Generated by org.testng.reporters.JUnitReportReporter -->
<testsuite hostname="GAVLMUMDT-046" failures="0" tests="1" name="Agrovet.Samadhan.Grader.ProfileTest" time="27.658" errors="0" timestamp="2025-03-20T11:31:04 IST" skipped="0">
  <testcase classname="Agrovet.Samadhan.Grader.ProfileTest" name="verifyUserAbleToUploadPictureFromGallery" time="27.658"/>
</testsuite> <!-- Agrovet.Samadhan.Grader.ProfileTest -->
