<?xml version="1.0" encoding="UTF-8"?>
<!-- Generated by org.testng.reporters.JUnitReportReporter -->
<testsuite hostname="GAVLMUMDT-046" failures="0" tests="7" name="Agrovet.Samadhan.Grader.LoginTest" time="276.645" errors="0" timestamp="2025-03-19T15:00:10 IST" skipped="0">
  <testcase classname="Agrovet.Samadhan.Grader.LoginTest" name="verifyUserAbleToLoginWithValidCredential" time="49.867"/>
  <testcase classname="Agrovet.Samadhan.Grader.LoginTest" name="verifyUserAbleToLoginWithInvalidMobileNumber" time="26.098"/>
  <testcase classname="Agrovet.Samadhan.Grader.LoginTest" name="verifyUserAbleToLoginWithInvalidOtp" time="36.851"/>
  <testcase classname="Agrovet.Samadhan.Grader.LoginTest" name="verifyUserAbleToLoginWithInvalidCcCode" time="47.940"/>
  <testcase classname="Agrovet.Samadhan.Grader.LoginTest" name="verifyUserNotBeAbleToLoginWithoutInternet" time="25.994"/>
  <testcase classname="Agrovet.Samadhan.Grader.LoginTest" name="verifyUserAbleToLoginWhenNearToCcCenter" time="52.237"/>
  <testcase classname="Agrovet.Samadhan.Grader.LoginTest" name="verifyUserAbleToLoginWhenFarFromCcCenter" time="37.658"/>
</testsuite> <!-- Agrovet.Samadhan.Grader.LoginTest -->
