<?xml version="1.0" encoding="UTF-8"?>
<!-- Generated by org.testng.reporters.JUnitReportReporter -->
<testsuite hostname="GAVLMUMDT-046" failures="0" tests="1" name="Agrovet.Samadhan.Grader.LoginTest" time="57.534" errors="0" timestamp="2025-03-19T14:03:02 IST" skipped="0">
  <testcase classname="Agrovet.Samadhan.Grader.LoginTest" name="verifyUserAbleToLoginWithValidCredential" time="57.534"/>
</testsuite> <!-- Agrovet.Samadhan.Grader.LoginTest -->
