<?xml version="1.0" encoding="UTF-8"?>
<!-- Generated by org.testng.reporters.JUnitReportReporter -->
<testsuite hostname="GAVLMUMDT-046" failures="0" tests="1" name="Agrovet.Samadhan.Grader.RequestTest" time="27.576" errors="0" timestamp="2025-03-17T15:33:42 IST" skipped="0">
  <testcase classname="Agrovet.Samadhan.Grader.RequestTest" name="verifyUserShouldBeAbleToResetFilterCondition" time="27.576"/>
</testsuite> <!-- Agrovet.Samadhan.Grader.RequestTest -->
