<?xml version="1.0" encoding="UTF-8"?>
<!-- Generated by org.testng.reporters.JUnitReportReporter -->
<testsuite hostname="GAVLMUMDT-046" failures="0" tests="1" name="Agrovet.Samadhan.Grader.ApplyLeaveTest" time="39.933" errors="0" timestamp="2025-03-26T09:44:26 IST" skipped="0">
  <testcase classname="Agrovet.Samadhan.Grader.ApplyLeaveTest" name="verifyUserShouldNotBeAbleToApplyLeaveWithoutSelectingFromDate" time="39.933"/>
</testsuite> <!-- Agrovet.Samadhan.Grader.ApplyLeaveTest -->
